app/build/intermediates/manifest_merge_blame_file/release/manifest-merger-blame-release-report.txt
1<?xml version="1.0" encoding="utf-8"?>
2<manifest xmlns:android="http://schemas.android.com/apk/res/android"
3    package="itts.bayu.newsapp"
4    android:versionCode="3"
5    android:versionName="1.2" >
6
7    <uses-sdk
8        android:minSdkVersion="23"
8-->src\main\AndroidManifest.xml
9        android:targetSdkVersion="30" />
9-->src\main\AndroidManifest.xml
10
11    <uses-permission android:name="android.permission.INTERNET" />
11-->src\main\AndroidManifest.xml:3:5-67
11-->src\main\AndroidManifest.xml:3:22-64
12
13    <queries>
13-->src\main\AndroidManifest.xml:4:5-8:15
14        <intent>
14-->src\main\AndroidManifest.xml:5:9-7:18
15            <action android:name="com.huawei.hms.core.aidlservice" />
15-->src\main\AndroidManifest.xml:6:13-70
15-->src\main\AndroidManifest.xml:6:21-67
16        </intent>
17    </queries>
18
19    <permission
19-->[com.huawei.hms:push:5.0.4.302] AndroidManifest.xml:9:5-11:55
20        android:name="itts.bayu.newsapp.permission.PROCESS_PUSH_MSG"
20-->[com.huawei.hms:push:5.0.4.302] AndroidManifest.xml:10:9-68
21        android:protectionLevel="signatureOrSystem" /> <!-- PUSH_PROVIDER and PUSH_WRITE_PROVIDER are both provider registered permissions for the notification switch. -->
21-->[com.huawei.hms:push:5.0.4.302] AndroidManifest.xml:11:9-52
22    <!-- The SDK's notification bar switch, EMUI 9.x becomes write to the local sp, sharing the file through the provider to the push-rom, which reads the sp file to get the status of the notification bar switch. -->
23    <permission
23-->[com.huawei.hms:push:5.0.4.302] AndroidManifest.xml:14:5-16:55
24        android:name="itts.bayu.newsapp.permission.PUSH_PROVIDER"
24-->[com.huawei.hms:push:5.0.4.302] AndroidManifest.xml:15:9-65
25        android:protectionLevel="signatureOrSystem" />
25-->[com.huawei.hms:push:5.0.4.302] AndroidManifest.xml:16:9-52
26    <permission
26-->[com.huawei.hms:push:5.0.4.302] AndroidManifest.xml:17:5-19:55
27        android:name="itts.bayu.newsapp.permission.PUSH_WRITE_PROVIDER"
27-->[com.huawei.hms:push:5.0.4.302] AndroidManifest.xml:18:9-71
28        android:protectionLevel="signatureOrSystem" />
28-->[com.huawei.hms:push:5.0.4.302] AndroidManifest.xml:19:9-52
29
30    <uses-permission android:name="itts.bayu.newsapp.permission.PROCESS_PUSH_MSG" />
30-->[com.huawei.hms:push:5.0.4.302] AndroidManifest.xml:21:5-84
30-->[com.huawei.hms:push:5.0.4.302] AndroidManifest.xml:21:22-81
31    <uses-permission android:name="itts.bayu.newsapp.permission.PUSH_PROVIDER" />
31-->[com.huawei.hms:push:5.0.4.302] AndroidManifest.xml:22:5-81
31-->[com.huawei.hms:push:5.0.4.302] AndroidManifest.xml:22:22-78
32    <uses-permission android:name="android.permission.FOREGROUND_SERVICE" />
32-->[com.huawei.hms:push:5.0.4.302] AndroidManifest.xml:23:5-77
32-->[com.huawei.hms:push:5.0.4.302] AndroidManifest.xml:23:22-74
33    <uses-permission android:name="android.permission.BLUETOOTH" />
33-->[com.huawei.hms:ads-core:3.4.52.302] AndroidManifest.xml:13:5-68
33-->[com.huawei.hms:ads-core:3.4.52.302] AndroidManifest.xml:13:22-65
34    <uses-permission android:name="android.permission.CAMERA" />
34-->[com.huawei.hms:ads-core:3.4.52.302] AndroidManifest.xml:14:5-65
34-->[com.huawei.hms:ads-core:3.4.52.302] AndroidManifest.xml:14:22-62
35    <uses-permission android:name="android.permission.READ_CALENDAR" />
35-->[com.huawei.hms:ads-core:3.4.52.302] AndroidManifest.xml:15:5-72
35-->[com.huawei.hms:ads-core:3.4.52.302] AndroidManifest.xml:15:22-69
36    <uses-permission android:name="android.permission.WRITE_CALENDAR" />
36-->[com.huawei.hms:ads-core:3.4.52.302] AndroidManifest.xml:16:5-73
36-->[com.huawei.hms:ads-core:3.4.52.302] AndroidManifest.xml:16:22-70
37    <uses-permission android:name="android.permission.ACCESS_NETWORK_STATE" />
37-->[com.huawei.hms:ads-core:3.4.52.302] AndroidManifest.xml:18:5-79
37-->[com.huawei.hms:ads-core:3.4.52.302] AndroidManifest.xml:18:22-76
38    <uses-permission android:name="android.permission.ACCESS_WIFI_STATE" />
38-->[com.huawei.hms:ads-core:3.4.52.302] AndroidManifest.xml:19:5-76
38-->[com.huawei.hms:ads-core:3.4.52.302] AndroidManifest.xml:19:22-73
39    <uses-permission android:name="android.permission.REQUEST_INSTALL_PACKAGES" />
39-->[com.huawei.hms:ads-core:3.4.52.302] AndroidManifest.xml:20:5-83
39-->[com.huawei.hms:ads-core:3.4.52.302] AndroidManifest.xml:20:22-80
40    <uses-permission android:name="com.huawei.permission.sec.MDM.v2" />
40-->[com.huawei.hms:ads-core:3.4.52.302] AndroidManifest.xml:21:5-72
40-->[com.huawei.hms:ads-core:3.4.52.302] AndroidManifest.xml:21:22-69
41    <uses-permission android:name="com.hihonor.permission.sec.MDM.v2" />
41-->[com.huawei.hms:ads-core:3.4.52.302] AndroidManifest.xml:22:5-73
41-->[com.huawei.hms:ads-core:3.4.52.302] AndroidManifest.xml:22:22-70
42    <uses-permission android:name="android.permission.GET_TASKS" />
42-->[com.huawei.hms:ads-core:3.4.52.302] AndroidManifest.xml:23:5-68
42-->[com.huawei.hms:ads-core:3.4.52.302] AndroidManifest.xml:23:22-65
43    <uses-permission android:name="android.permission.REAL_GET_TASKS" />
43-->[com.huawei.hms:ads-core:3.4.52.302] AndroidManifest.xml:24:5-73
43-->[com.huawei.hms:ads-core:3.4.52.302] AndroidManifest.xml:24:22-70
44    <uses-permission android:name="com.huawei.permission.sec.ACCESS_UDID" />
44-->[com.huawei.hms:ads-core:3.4.52.302] AndroidManifest.xml:25:5-77
44-->[com.huawei.hms:ads-core:3.4.52.302] AndroidManifest.xml:25:22-74
45    <uses-permission android:name="com.hihonor.permission.sec.ACCESS_UDID" />
45-->[com.huawei.hms:ads-core:3.4.52.302] AndroidManifest.xml:26:5-78
45-->[com.huawei.hms:ads-core:3.4.52.302] AndroidManifest.xml:26:22-75
46    <uses-permission android:name="com.huawei.permission.app.DOWNLOAD" />
46-->[com.huawei.hms:ads-core:3.4.52.302] AndroidManifest.xml:27:5-74
46-->[com.huawei.hms:ads-core:3.4.52.302] AndroidManifest.xml:27:22-71
47    <uses-permission android:name="android.permission.QUERY_ALL_PACKAGES" />
47-->[com.huawei.hms:ads-core:3.4.52.302] AndroidManifest.xml:28:5-77
47-->[com.huawei.hms:ads-core:3.4.52.302] AndroidManifest.xml:28:22-74
48    <uses-permission android:name="com.android.permission.GET_INSTALLED_APPS" />
48-->[com.huawei.hms:ads-core:3.4.52.302] AndroidManifest.xml:29:5-81
48-->[com.huawei.hms:ads-core:3.4.52.302] AndroidManifest.xml:29:22-78
49    <uses-permission android:name="com.hihonor.permission.MANAGE_FOLD_SCREEN" />
49-->[com.huawei.hms:ads-core:3.4.52.302] AndroidManifest.xml:30:5-81
49-->[com.huawei.hms:ads-core:3.4.52.302] AndroidManifest.xml:30:22-78
50    <uses-permission android:name="com.hihonor.permission.MANAGE_FOLD_SCREEN_PRIVILEGED" /> <!-- HMS-SDK引导升级HMS功能，保存下载的升级包需要SD卡写权限 -->
50-->[com.huawei.hms:ads-core:3.4.52.302] AndroidManifest.xml:31:5-92
50-->[com.huawei.hms:ads-core:3.4.52.302] AndroidManifest.xml:31:22-89
51    <uses-permission android:name="android.permission.WRITE_EXTERNAL_STORAGE" /> <!-- 应用市场9.0版本必须使用该权限获取用户的服务地 -->
51-->[com.huawei.hms:availableupdate:5.0.5.300] AndroidManifest.xml:12:5-81
51-->[com.huawei.hms:availableupdate:5.0.5.300] AndroidManifest.xml:12:22-78
52    <uses-permission android:name="com.huawei.appmarket.service.commondata.permission.GET_COMMON_DATA" />
52-->[com.huawei.hms:availableupdate:5.0.5.300] AndroidManifest.xml:18:5-106
52-->[com.huawei.hms:availableupdate:5.0.5.300] AndroidManifest.xml:18:22-103
53    <uses-permission android:name="android.permission.READ_EXTERNAL_STORAGE" />
54    <uses-permission android:name="android.permission.BROADCAST_STICKY" />
54-->[com.huawei.hms:ads-splash:13.4.52.302] AndroidManifest.xml:12:5-75
54-->[com.huawei.hms:ads-splash:13.4.52.302] AndroidManifest.xml:12:22-72
55
56    <application
56-->src\main\AndroidManifest.xml:9:5-25:19
57        android:allowBackup="true"
57-->src\main\AndroidManifest.xml:9:18-44
58        android:appComponentFactory="androidx.core.app.CoreComponentFactory"
58-->[androidx.core:core:1.3.2] AndroidManifest.xml:24:18-86
59        android:extractNativeLibs="false"
60        android:icon="@mipmap/ic_launcher"
60-->src\main\AndroidManifest.xml:9:45-79
61        android:label="@string/app_name"
61-->src\main\AndroidManifest.xml:9:80-112
62        android:roundIcon="@mipmap/ic_launcher_round"
62-->src\main\AndroidManifest.xml:9:113-158
63        android:supportsRtl="true"
63-->src\main\AndroidManifest.xml:9:159-185
64        android:theme="@style/AppTheme"
64-->src\main\AndroidManifest.xml:9:186-217
65        android:usesCleartextTraffic="true" >
65-->src\main\AndroidManifest.xml:9:218-253
66        <activity android:name="itts.bayu.newsapp.activities.SplashAds" />
66-->src\main\AndroidManifest.xml:10:9-75
66-->src\main\AndroidManifest.xml:10:19-72
67        <activity android:name="itts.bayu.newsapp.activities.MainActivity" />
67-->src\main\AndroidManifest.xml:11:9-78
67-->src\main\AndroidManifest.xml:11:19-75
68        <activity android:name="itts.bayu.newsapp.activities.DetailNewsActivity" />
68-->src\main\AndroidManifest.xml:12:9-84
68-->src\main\AndroidManifest.xml:12:19-81
69        <activity
69-->src\main\AndroidManifest.xml:13:9-18:20
70            android:name="itts.bayu.newsapp.activities.LoginActivity"
70-->src\main\AndroidManifest.xml:13:19-76
71            android:exported="true"
71-->src\main\AndroidManifest.xml:13:77-100
72            android:screenOrientation="portrait" >
72-->src\main\AndroidManifest.xml:13:101-137
73            <intent-filter>
73-->src\main\AndroidManifest.xml:14:13-17:29
74                <action android:name="android.intent.action.MAIN" />
74-->src\main\AndroidManifest.xml:15:17-69
74-->src\main\AndroidManifest.xml:15:25-66
75
76                <category android:name="android.intent.category.LAUNCHER" />
76-->src\main\AndroidManifest.xml:16:17-77
76-->src\main\AndroidManifest.xml:16:27-74
77            </intent-filter>
78        </activity>
79
80        <meta-data
80-->src\main\AndroidManifest.xml:19:9-103
81            android:name="com.huawei.hms.client.channel.androidMarket"
81-->src\main\AndroidManifest.xml:19:20-78
82            android:value="false" />
82-->src\main\AndroidManifest.xml:19:79-100
83
84        <service
84-->src\main\AndroidManifest.xml:20:9-24:19
85            android:name="itts.bayu.newsapp.networking.MyPushService"
85-->src\main\AndroidManifest.xml:20:18-75
86            android:exported="false" >
86-->src\main\AndroidManifest.xml:20:76-100
87            <intent-filter>
87-->src\main\AndroidManifest.xml:21:13-23:29
88                <action android:name="com.huawei.push.action.MESSAGING_EVENT" />
88-->src\main\AndroidManifest.xml:22:17-81
88-->src\main\AndroidManifest.xml:22:25-78
89            </intent-filter>
90        </service>
91
92        <activity
92-->[com.huawei.hms:hwid:5.0.5.301] AndroidManifest.xml:10:9-16:20
93            android:name="com.huawei.hms.hwid.internal.ui.activity.HwIdSignInHubActivity"
93-->[com.huawei.hms:hwid:5.0.5.301] AndroidManifest.xml:11:13-90
94            android:configChanges="fontScale|uiMode"
94-->[com.huawei.hms:hwid:5.0.5.301] AndroidManifest.xml:12:13-53
95            android:excludeFromRecents="true"
95-->[com.huawei.hms:hwid:5.0.5.301] AndroidManifest.xml:13:13-46
96            android:exported="false"
96-->[com.huawei.hms:hwid:5.0.5.301] AndroidManifest.xml:14:13-37
97            android:theme="@android:style/Theme.Translucent.NoTitleBar" >
97-->[com.huawei.hms:hwid:5.0.5.301] AndroidManifest.xml:15:13-72
98        </activity>
99        <activity
99-->[com.huawei.hms:hwid:5.0.5.301] AndroidManifest.xml:17:9-22:20
100            android:name="com.huawei.hms.account.internal.ui.activity.AccountSignInHubActivity"
100-->[com.huawei.hms:hwid:5.0.5.301] AndroidManifest.xml:18:13-96
101            android:excludeFromRecents="true"
101-->[com.huawei.hms:hwid:5.0.5.301] AndroidManifest.xml:19:13-46
102            android:exported="false"
102-->[com.huawei.hms:hwid:5.0.5.301] AndroidManifest.xml:20:13-37
103            android:theme="@android:style/Theme.Translucent.NoTitleBar" >
103-->[com.huawei.hms:hwid:5.0.5.301] AndroidManifest.xml:21:13-72
104        </activity> <!-- 切记同步修改 HuaweiIdAuthInternalConstant.HMS_SDK_VERSION -->
105        <meta-data
105-->[com.huawei.hms:hwid:5.0.5.301] AndroidManifest.xml:25:9-27:46
106            android:name="com.huawei.hms.client.service.name:hwid"
106-->[com.huawei.hms:hwid:5.0.5.301] AndroidManifest.xml:26:13-67
107            android:value="hwid:5.0.5.300" />
107-->[com.huawei.hms:hwid:5.0.5.301] AndroidManifest.xml:27:13-43
108        <meta-data
108-->[com.huawei.hms:hwid:5.0.5.301] AndroidManifest.xml:28:9-30:33
109            android:name="com.huawei.hms.min_api_level:hwid:hwid"
109-->[com.huawei.hms:hwid:5.0.5.301] AndroidManifest.xml:29:13-66
110            android:value="1" />
110-->[com.huawei.hms:hwid:5.0.5.301] AndroidManifest.xml:30:13-30
111        <meta-data
111-->[com.huawei.hms:ads-identifier:3.4.34.301] AndroidManifest.xml:13:9-15:57
112            android:name="com.huawei.hms.client.service.name:ads-identifier"
112-->[com.huawei.hms:ads-identifier:3.4.34.301] AndroidManifest.xml:14:13-77
113            android:value="ads-identifier:3.4.34.301" />
113-->[com.huawei.hms:ads-identifier:3.4.34.301] AndroidManifest.xml:15:13-54
114
115        <receiver
115-->[com.huawei.hms:push:5.0.4.302] AndroidManifest.xml:26:9-37:20
116            android:name="com.huawei.hms.support.api.push.PushMsgReceiver"
116-->[com.huawei.hms:push:5.0.4.302] AndroidManifest.xml:27:13-75
117            android:directBootAware="true"
117-->[com.huawei.hms:push:5.0.4.302] AndroidManifest.xml:28:13-43
118            android:permission="itts.bayu.newsapp.permission.PROCESS_PUSH_MSG" >
118-->[com.huawei.hms:push:5.0.4.302] AndroidManifest.xml:29:13-78
119            <intent-filter>
119-->[com.huawei.hms:push:5.0.4.302] AndroidManifest.xml:30:13-36:29
120
121                <!-- Mandatory, be used to receive notification bar message click event. -->
122                <action android:name="com.huawei.intent.action.PUSH_DELAY_NOTIFY" />
122-->[com.huawei.hms:push:5.0.4.302] AndroidManifest.xml:33:17-85
122-->[com.huawei.hms:push:5.0.4.302] AndroidManifest.xml:33:25-82
123                <!-- Optional, compatible with old huawei phones. -->
124                <action android:name="com.huawei.intent.action.PUSH" />
124-->[com.huawei.hms:push:5.0.4.302] AndroidManifest.xml:35:17-72
124-->[com.huawei.hms:push:5.0.4.302] AndroidManifest.xml:35:25-69
125            </intent-filter>
126        </receiver>
127        <receiver
127-->[com.huawei.hms:push:5.0.4.302] AndroidManifest.xml:38:9-49:20
128            android:name="com.huawei.hms.support.api.push.PushReceiver"
128-->[com.huawei.hms:push:5.0.4.302] AndroidManifest.xml:39:13-72
129            android:directBootAware="true"
129-->[com.huawei.hms:push:5.0.4.302] AndroidManifest.xml:40:13-43
130            android:permission="itts.bayu.newsapp.permission.PROCESS_PUSH_MSG" >
130-->[com.huawei.hms:push:5.0.4.302] AndroidManifest.xml:41:13-78
131            <intent-filter>
131-->[com.huawei.hms:push:5.0.4.302] AndroidManifest.xml:42:13-48:29
132
133                <!-- Mandatory, be used to receive tokens. -->
134                <action android:name="com.huawei.android.push.intent.REGISTRATION" />
134-->[com.huawei.hms:push:5.0.4.302] AndroidManifest.xml:45:17-86
134-->[com.huawei.hms:push:5.0.4.302] AndroidManifest.xml:45:25-83
135                <!-- Mandatory, be used to receive messages. -->
136                <action android:name="com.huawei.android.push.intent.RECEIVE" />
136-->[com.huawei.hms:push:5.0.4.302] AndroidManifest.xml:47:17-81
136-->[com.huawei.hms:push:5.0.4.302] AndroidManifest.xml:47:25-78
137            </intent-filter>
138        </receiver> <!-- Definition of receiving service for notification bar and pass-through message of non-huawei mobile phone. -->
139        <service
139-->[com.huawei.hms:push:5.0.4.302] AndroidManifest.xml:52:9-62:19
140            android:name="com.huawei.hms.support.api.push.service.HmsMsgService"
140-->[com.huawei.hms:push:5.0.4.302] AndroidManifest.xml:53:13-81
141            android:directBootAware="true"
141-->[com.huawei.hms:push:5.0.4.302] AndroidManifest.xml:54:13-43
142            android:enabled="true"
142-->[com.huawei.hms:push:5.0.4.302] AndroidManifest.xml:55:13-35
143            android:exported="true"
143-->[com.huawei.hms:push:5.0.4.302] AndroidManifest.xml:56:13-36
144            android:process=":pushservice" >
144-->[com.huawei.hms:push:5.0.4.302] AndroidManifest.xml:57:13-43
145            <intent-filter>
145-->[com.huawei.hms:push:5.0.4.302] AndroidManifest.xml:58:13-61:29
146                <action android:name="com.huawei.push.msg.NOTIFY_MSG" />
146-->[com.huawei.hms:push:5.0.4.302] AndroidManifest.xml:59:17-73
146-->[com.huawei.hms:push:5.0.4.302] AndroidManifest.xml:59:25-70
147                <action android:name="com.huawei.push.msg.PASSBY_MSG" />
147-->[com.huawei.hms:push:5.0.4.302] AndroidManifest.xml:60:17-73
147-->[com.huawei.hms:push:5.0.4.302] AndroidManifest.xml:60:25-70
148            </intent-filter>
149        </service>
150
151        <provider
151-->[com.huawei.hms:push:5.0.4.302] AndroidManifest.xml:64:9-70:89
152            android:name="com.huawei.hms.support.api.push.PushProvider"
152-->[com.huawei.hms:push:5.0.4.302] AndroidManifest.xml:65:13-72
153            android:authorities="itts.bayu.newsapp.huawei.push.provider"
153-->[com.huawei.hms:push:5.0.4.302] AndroidManifest.xml:66:13-72
154            android:exported="true"
154-->[com.huawei.hms:push:5.0.4.302] AndroidManifest.xml:67:13-36
155            android:permission="itts.bayu.newsapp.permission.PUSH_PROVIDER"
155-->[com.huawei.hms:push:5.0.4.302] AndroidManifest.xml:68:13-75
156            android:readPermission="itts.bayu.newsapp.permission.PUSH_PROVIDER"
156-->[com.huawei.hms:push:5.0.4.302] AndroidManifest.xml:69:13-79
157            android:writePermission="itts.bayu.newsapp.permission.PUSH_WRITE_PROVIDER" />
157-->[com.huawei.hms:push:5.0.4.302] AndroidManifest.xml:70:13-86
158
159        <meta-data
159-->[com.huawei.hms:push:5.0.4.302] AndroidManifest.xml:72:9-74:46
160            android:name="com.huawei.hms.client.service.name:push"
160-->[com.huawei.hms:push:5.0.4.302] AndroidManifest.xml:73:13-67
161            android:value="push:5.0.4.302" />
161-->[com.huawei.hms:push:5.0.4.302] AndroidManifest.xml:74:13-43
162        <meta-data
162-->[com.huawei.hms:push:5.0.4.302] AndroidManifest.xml:75:9-77:33
163            android:name="com.huawei.hms.min_api_level:push:push"
163-->[com.huawei.hms:push:5.0.4.302] AndroidManifest.xml:76:13-66
164            android:value="1" />
164-->[com.huawei.hms:push:5.0.4.302] AndroidManifest.xml:77:13-30
165        <meta-data
165-->[com.huawei.hms:ads-lite:13.4.52.302] AndroidManifest.xml:13:9-15:52
166            android:name="com.huawei.hms.client.service.name:ads-lite"
166-->[com.huawei.hms:ads-lite:13.4.52.302] AndroidManifest.xml:14:13-71
167            android:value="ads-lite:13.4.52.302" />
167-->[com.huawei.hms:ads-lite:13.4.52.302] AndroidManifest.xml:15:13-49
168        <meta-data
168-->[com.huawei.hms:ads-core:3.4.52.302] AndroidManifest.xml:34:9-36:35
169            android:name="hw.theme_type"
169-->[com.huawei.hms:ads-core:3.4.52.302] AndroidManifest.xml:35:13-41
170            android:value="273" />
170-->[com.huawei.hms:ads-core:3.4.52.302] AndroidManifest.xml:36:13-32
171        <meta-data
171-->[com.huawei.hms:ads-core:3.4.52.302] AndroidManifest.xml:37:9-39:72
172            android:name="permission.reason.android.permission-group.CALENDAR"
172-->[com.huawei.hms:ads-core:3.4.52.302] AndroidManifest.xml:38:13-79
173            android:resource="@string/hiad_calender_description_new" />
173-->[com.huawei.hms:ads-core:3.4.52.302] AndroidManifest.xml:39:13-69
174
175        <uses-library
175-->[com.huawei.hms:ads-core:3.4.52.302] AndroidManifest.xml:41:9-43:40
176            android:name="org.apache.http.legacy"
176-->[com.huawei.hms:ads-core:3.4.52.302] AndroidManifest.xml:42:13-50
177            android:required="false" />
177-->[com.huawei.hms:ads-core:3.4.52.302] AndroidManifest.xml:43:13-37
178
179        <provider
179-->[com.huawei.hms:ads-core:3.4.52.302] AndroidManifest.xml:45:9-49:50
180            android:name="com.huawei.openalliance.ad.ppskit.provider.PPSInstallFileProvider"
180-->[com.huawei.hms:ads-core:3.4.52.302] AndroidManifest.xml:46:13-93
181            android:authorities="itts.bayu.newsapp.hiad.fileprovider"
181-->[com.huawei.hms:ads-core:3.4.52.302] AndroidManifest.xml:47:13-69
182            android:exported="false"
182-->[com.huawei.hms:ads-core:3.4.52.302] AndroidManifest.xml:48:13-37
183            android:grantUriPermissions="true" />
183-->[com.huawei.hms:ads-core:3.4.52.302] AndroidManifest.xml:49:13-47
184        <provider
184-->[com.huawei.hms:ads-core:3.4.52.302] AndroidManifest.xml:50:9-53:40
185            android:name="com.huawei.openalliance.ad.ppskit.provider.InnerApiProvider"
185-->[com.huawei.hms:ads-core:3.4.52.302] AndroidManifest.xml:51:13-87
186            android:authorities="itts.bayu.newsapp.pps.innerapiprovider"
186-->[com.huawei.hms:ads-core:3.4.52.302] AndroidManifest.xml:52:13-72
187            android:exported="false" />
187-->[com.huawei.hms:ads-core:3.4.52.302] AndroidManifest.xml:53:13-37
188
189        <service
189-->[com.huawei.hms:ads-core:3.4.52.302] AndroidManifest.xml:55:9-61:19
190            android:name="com.huawei.android.hms.ppskit.PpsCoreService"
190-->[com.huawei.hms:ads-core:3.4.52.302] AndroidManifest.xml:56:13-72
191            android:exported="false" >
191-->[com.huawei.hms:ads-core:3.4.52.302] AndroidManifest.xml:57:13-37
192            <intent-filter>
192-->[com.huawei.hms:ads-core:3.4.52.302] AndroidManifest.xml:58:13-60:29
193                <action android:name="com.huawei.android.hms.ppskit.PPS_API_SERVICE" />
193-->[com.huawei.hms:ads-core:3.4.52.302] AndroidManifest.xml:59:17-88
193-->[com.huawei.hms:ads-core:3.4.52.302] AndroidManifest.xml:59:25-85
194            </intent-filter>
195        </service>
196
197        <activity
197-->[com.huawei.hms:ads-core:3.4.52.302] AndroidManifest.xml:63:9-75:20
198            android:name="com.huawei.openalliance.ad.ppskit.activity.InstallActivity"
198-->[com.huawei.hms:ads-core:3.4.52.302] AndroidManifest.xml:64:13-86
199            android:configChanges="mcc|mnc|keyboard|keyboardHidden|navigation|screenLayout|screenSize|smallestScreenSize|orientation"
199-->[com.huawei.hms:ads-core:3.4.52.302] AndroidManifest.xml:65:13-134
200            android:excludeFromRecents="true"
200-->[com.huawei.hms:ads-core:3.4.52.302] AndroidManifest.xml:66:13-46
201            android:exported="false"
201-->[com.huawei.hms:ads-core:3.4.52.302] AndroidManifest.xml:67:13-37
202            android:theme="@android:style/Theme.Light.NoTitleBar" >
202-->[com.huawei.hms:ads-core:3.4.52.302] AndroidManifest.xml:68:13-66
203            <meta-data
203-->[com.huawei.hms:ads-core:3.4.52.302] AndroidManifest.xml:69:13-71:82
204                android:name="hwc-theme"
204-->[com.huawei.hms:ads-core:3.4.52.302] AndroidManifest.xml:70:17-41
205                android:value="androidhwext:style/Theme.Emui.Light.NoTitleBar" />
205-->[com.huawei.hms:ads-core:3.4.52.302] AndroidManifest.xml:71:17-79
206            <meta-data
206-->[com.huawei.hms:ads-core:3.4.52.302] AndroidManifest.xml:72:13-74:83
207                android:name="hnc-theme"
207-->[com.huawei.hms:ads-core:3.4.52.302] AndroidManifest.xml:73:17-41
208                android:value="androidhnext:style/Theme.magic.Light.NoTitleBar" />
208-->[com.huawei.hms:ads-core:3.4.52.302] AndroidManifest.xml:74:17-80
209        </activity>
210        <activity
210-->[com.huawei.hms:ads-core:3.4.52.302] AndroidManifest.xml:76:9-88:20
211            android:name="com.huawei.openalliance.ad.ppskit.activity.HMSSDKInstallActivity"
211-->[com.huawei.hms:ads-core:3.4.52.302] AndroidManifest.xml:77:13-92
212            android:configChanges="mcc|mnc|keyboard|keyboardHidden|navigation|screenLayout|screenSize|smallestScreenSize|orientation"
212-->[com.huawei.hms:ads-core:3.4.52.302] AndroidManifest.xml:78:13-134
213            android:excludeFromRecents="true"
213-->[com.huawei.hms:ads-core:3.4.52.302] AndroidManifest.xml:79:13-46
214            android:exported="false"
214-->[com.huawei.hms:ads-core:3.4.52.302] AndroidManifest.xml:80:13-37
215            android:theme="@android:style/Theme.Light.NoTitleBar" >
215-->[com.huawei.hms:ads-core:3.4.52.302] AndroidManifest.xml:81:13-66
216            <meta-data
216-->[com.huawei.hms:ads-core:3.4.52.302] AndroidManifest.xml:69:13-71:82
217                android:name="hwc-theme"
217-->[com.huawei.hms:ads-core:3.4.52.302] AndroidManifest.xml:70:17-41
218                android:value="androidhwext:style/Theme.Emui.Light.NoTitleBar" />
218-->[com.huawei.hms:ads-core:3.4.52.302] AndroidManifest.xml:71:17-79
219            <meta-data
219-->[com.huawei.hms:ads-core:3.4.52.302] AndroidManifest.xml:72:13-74:83
220                android:name="hnc-theme"
220-->[com.huawei.hms:ads-core:3.4.52.302] AndroidManifest.xml:73:17-41
221                android:value="androidhnext:style/Theme.magic.Light.NoTitleBar" />
221-->[com.huawei.hms:ads-core:3.4.52.302] AndroidManifest.xml:74:17-80
222        </activity>
223        <activity
223-->[com.huawei.hms:ads-core:3.4.52.302] AndroidManifest.xml:89:9-107:20
224            android:name="com.huawei.openalliance.ad.ppskit.activity.PPSActivity"
224-->[com.huawei.hms:ads-core:3.4.52.302] AndroidManifest.xml:90:13-82
225            android:configChanges="screenLayout|screenSize|smallestScreenSize|orientation|keyboardHidden"
225-->[com.huawei.hms:ads-core:3.4.52.302] AndroidManifest.xml:91:13-106
226            android:exported="false"
226-->[com.huawei.hms:ads-core:3.4.52.302] AndroidManifest.xml:92:13-37
227            android:label=" "
227-->[com.huawei.hms:ads-core:3.4.52.302] AndroidManifest.xml:93:13-30
228            android:screenOrientation="portrait" >
228-->[com.huawei.hms:ads-core:3.4.52.302] AndroidManifest.xml:94:13-49
229            <intent-filter>
229-->[com.huawei.hms:ads-core:3.4.52.302] AndroidManifest.xml:95:13-99:29
230                <action android:name="com.huawei.hms.pps.action.PPS_DETAIL" />
230-->[com.huawei.hms:ads-core:3.4.52.302] AndroidManifest.xml:96:17-79
230-->[com.huawei.hms:ads-core:3.4.52.302] AndroidManifest.xml:96:25-76
231
232                <category android:name="android.intent.category.DEFAULT" />
232-->[com.huawei.hms:ads-core:3.4.52.302] AndroidManifest.xml:98:17-76
232-->[com.huawei.hms:ads-core:3.4.52.302] AndroidManifest.xml:98:27-73
233            </intent-filter>
234
235            <meta-data
235-->[com.huawei.hms:ads-core:3.4.52.302] AndroidManifest.xml:69:13-71:82
236                android:name="hwc-theme"
236-->[com.huawei.hms:ads-core:3.4.52.302] AndroidManifest.xml:70:17-41
237                android:value="androidhwext:style/Theme.Emui" />
237-->[com.huawei.hms:ads-core:3.4.52.302] AndroidManifest.xml:71:17-79
238            <meta-data
238-->[com.huawei.hms:ads-core:3.4.52.302] AndroidManifest.xml:72:13-74:83
239                android:name="hnc-theme"
239-->[com.huawei.hms:ads-core:3.4.52.302] AndroidManifest.xml:73:17-41
240                android:value="androidhnext:style/Theme.magic" />
240-->[com.huawei.hms:ads-core:3.4.52.302] AndroidManifest.xml:74:17-80
241        </activity>
242        <activity
242-->[com.huawei.hms:ads-core:3.4.52.302] AndroidManifest.xml:108:9-120:20
243            android:name="com.huawei.openalliance.ad.ppskit.activity.InnerPPSActivity"
243-->[com.huawei.hms:ads-core:3.4.52.302] AndroidManifest.xml:109:13-87
244            android:configChanges="mcc|mnc|keyboard|keyboardHidden|navigation|screenLayout|screenSize|smallestScreenSize|orientation"
244-->[com.huawei.hms:ads-core:3.4.52.302] AndroidManifest.xml:110:13-134
245            android:exported="false"
245-->[com.huawei.hms:ads-core:3.4.52.302] AndroidManifest.xml:111:13-37
246            android:label=" "
246-->[com.huawei.hms:ads-core:3.4.52.302] AndroidManifest.xml:112:13-30
247            android:screenOrientation="portrait" >
247-->[com.huawei.hms:ads-core:3.4.52.302] AndroidManifest.xml:113:13-49
248            <meta-data
248-->[com.huawei.hms:ads-core:3.4.52.302] AndroidManifest.xml:69:13-71:82
249                android:name="hwc-theme"
249-->[com.huawei.hms:ads-core:3.4.52.302] AndroidManifest.xml:70:17-41
250                android:value="androidhwext:style/Theme.Emui" />
250-->[com.huawei.hms:ads-core:3.4.52.302] AndroidManifest.xml:71:17-79
251            <meta-data
251-->[com.huawei.hms:ads-core:3.4.52.302] AndroidManifest.xml:72:13-74:83
252                android:name="hnc-theme"
252-->[com.huawei.hms:ads-core:3.4.52.302] AndroidManifest.xml:73:17-41
253                android:value="androidhnext:style/Theme.magic" />
253-->[com.huawei.hms:ads-core:3.4.52.302] AndroidManifest.xml:74:17-80
254        </activity>
255        <activity
255-->[com.huawei.hms:ads-core:3.4.52.302] AndroidManifest.xml:121:9-133:20
256            android:name="com.huawei.openalliance.ad.ppskit.activity.InnerPPSArActivity"
256-->[com.huawei.hms:ads-core:3.4.52.302] AndroidManifest.xml:122:13-89
257            android:configChanges="mcc|mnc|keyboard|keyboardHidden|navigation|screenLayout|screenSize|smallestScreenSize|orientation"
257-->[com.huawei.hms:ads-core:3.4.52.302] AndroidManifest.xml:123:13-134
258            android:exported="false"
258-->[com.huawei.hms:ads-core:3.4.52.302] AndroidManifest.xml:124:13-37
259            android:label=" "
259-->[com.huawei.hms:ads-core:3.4.52.302] AndroidManifest.xml:125:13-30
260            android:screenOrientation="portrait" >
260-->[com.huawei.hms:ads-core:3.4.52.302] AndroidManifest.xml:126:13-49
261            <meta-data
261-->[com.huawei.hms:ads-core:3.4.52.302] AndroidManifest.xml:69:13-71:82
262                android:name="hwc-theme"
262-->[com.huawei.hms:ads-core:3.4.52.302] AndroidManifest.xml:70:17-41